[2024-01-25 18:38:38.175331] INFO: interface_case_run: 当前模块 生成数据驱动所用数据
[2024-01-25 18:38:38.176299] INFO: interface_case_run: 全部args参数参数信息 , ('加入隐形购物车.xls',)
[2024-01-25 18:38:38.176299] INFO: interface_case_run: 全部kwargs参数信息 , {}
[2024-01-25 18:38:38.177326] INFO: interface_case_run: 当前模块 解析测试用例文件
[2024-01-25 18:38:38.177326] INFO: interface_case_run: 全部args参数参数信息 , ('G:\\python项目\\python_zdhkj\\test_case_data\\加入隐形购物车.xls',)
[2024-01-25 18:38:38.177326] INFO: interface_case_run: 全部kwargs参数信息 , {}
[2024-01-25 18:38:38.187297] INFO: interface_case_run: 当前模块 生成数据驱动所用数据
[2024-01-25 18:38:38.187297] INFO: interface_case_run: 全部args参数参数信息 , ('生成临时订单号.xls',)
[2024-01-25 18:38:38.188294] INFO: interface_case_run: 全部kwargs参数信息 , {}
[2024-01-25 18:38:38.188294] INFO: interface_case_run: 当前模块 解析测试用例文件
[2024-01-25 18:38:38.189272] INFO: interface_case_run: 全部args参数参数信息 , ('G:\\python项目\\python_zdhkj\\test_case_data\\生成临时订单号.xls',)
[2024-01-25 18:38:38.189272] INFO: interface_case_run: 全部kwargs参数信息 , {}
[2024-01-25 18:38:38.617765] INFO: interface_case_run: 测试用例开始执行
[2024-01-25 18:38:38.620764] INFO: interface_case_run: 输入参数：地址:https://mall-fat-eqmall2.100bm.cn,url:/api/zoneShoppingCart/addToCart,key:,参数:{'skuId': '1149944', 'zoneTag': '', 'zoneId': '0', 'igrId': 'null', 'num': '1', 'buyInstantly': 'true', 'buyAgain': 'true', 'activityId': '0'},期望:126401.0,请求方式：POST
[2024-01-25 18:38:39.080254] INFO: interface_case_run: 返回结果:{'code': 0, 'result': 127509}
[2024-01-25 18:38:39.083242] INFO: interface_case_run: 当前模块 断言测试结果
[2024-01-25 18:38:39.085237] INFO: interface_case_run: 全部args参数参数信息 , (126401.0,)
[2024-01-25 18:38:39.087231] INFO: interface_case_run: 全部kwargs参数信息 , {}
[2024-01-25 18:38:39.094213] INFO: interface_case_run: 测试用例执行完毕
[2024-01-25 18:38:39.097205] INFO: interface_case_run: 测试用例开始执行
[2024-01-25 18:38:39.099199] INFO: interface_case_run: 输入参数：地址:https://mall-fat-eqmall2.100bm.cn,url:/api/zoneShoppingCart/generateTOrderId,key:,参数:{'spcIds': '[&spcids]'},期望:126401.0,请求方式：POST
[2024-01-25 18:38:39.449613] INFO: interface_case_run: 测试用例执行完毕
