[2024-02-20 13:53:44.899788] INFO: interface_case_run: 当前模块 生成数据驱动所用数据
[2024-02-20 13:53:44.910760] INFO: interface_case_run: 全部args参数参数信息 , ('加入隐形购物车.xls',)
[2024-02-20 13:53:44.910760] INFO: interface_case_run: 全部kwargs参数信息 , {}
[2024-02-20 13:53:44.911757] INFO: interface_case_run: 当前模块 解析测试用例文件
[2024-02-20 13:53:44.912753] INFO: interface_case_run: 全部args参数参数信息 , ('G:\\python项目\\python_zdhkj\\test_case_data\\加入隐形购物车.xls',)
[2024-02-20 13:53:44.926823] INFO: interface_case_run: 全部kwargs参数信息 , {}
[2024-02-20 13:53:44.995943] INFO: interface_case_run: 当前模块 生成数据驱动所用数据
[2024-02-20 13:53:44.995943] INFO: interface_case_run: 全部args参数参数信息 , ('生成临时订单号.xls',)
[2024-02-20 13:53:44.996940] INFO: interface_case_run: 全部kwargs参数信息 , {}
[2024-02-20 13:53:44.996940] INFO: interface_case_run: 当前模块 解析测试用例文件
[2024-02-20 13:53:44.997937] INFO: interface_case_run: 全部args参数参数信息 , ('G:\\python项目\\python_zdhkj\\test_case_data\\生成临时订单号.xls',)
[2024-02-20 13:53:44.997937] INFO: interface_case_run: 全部kwargs参数信息 , {}
[2024-02-20 13:53:45.886976] INFO: interface_case_run: 测试用例开始执行
[2024-02-20 13:53:45.889969] INFO: interface_case_run: 输入参数：地址:https://mall-fat-eqmall2.100bm.cn,url:/api/zoneShoppingCart/addToCart,key:,参数:{
  'skuId':'1149944',
  'zoneTag': '',
  'zoneId': '0',
  'igrId': 'null',
  'num': '1',
  'buyInstantly': 'true',
  'buyAgain': 'true',
  'activityId': '0'
},期望:126401.0,请求方式：POST,headers:{'Authorization': 'Bearer eyJhbGciOiJIUzUxMiJ9.eyJzdWIiOiI2NjExIiwibWVyX25vIjoicGpfNC4wIiwidXNlcl9uYW1lIjoiIiwibWFsbF90YWciOiJwal80LjAiLCJleHRfaWRfMSI6IiIsIm1hcHBfaWQiOjEwOTAwLCJ1aWQiOjY2MTEsImZpcnN0X2xvZ2luX21hbGwiOmZhbHNlLCJtYWxsX2lkIjo5MDA0LCJzdGF0ZSI6IlVTRVIiLCJleHAiOjE3MTEwMDA0MjUsImFwcF9pZCI6InBqXzQuMCIsImlhdCI6MTcwODQwODQyNSwiYWNjX2lkIjo3MzIyfQ.v4nQGPhMSDc_vSkFC_V5FEcoJ88rIi6IuMKdywpJ3Fdn2NApyc_QBSWg2111xPl8sFbQpjn6cCAmeL56fOQ3pQ'}
[2024-02-20 13:53:46.625739] INFO: interface_case_run: 返回结果:{'code': 0, 'result': 127791}
[2024-02-20 13:53:46.626731] INFO: interface_case_run: 当前模块 断言测试结果
[2024-02-20 13:53:46.626731] INFO: interface_case_run: 全部args参数参数信息 , (126401.0,)
[2024-02-20 13:53:46.627728] INFO: interface_case_run: 全部kwargs参数信息 , {}
[2024-02-20 13:53:46.647674] INFO: interface_case_run: 测试用例执行完毕
[2024-02-20 13:53:46.648672] INFO: interface_case_run: 测试用例开始执行
[2024-02-20 13:53:46.648672] INFO: interface_case_run: 输入参数：地址:https://mall-fat-eqmall2.100bm.cn,url:/api/zoneShoppingCart/generateTOrderId,key:,参数:{
  'spcIds':'[127791]'},期望:126401.0,请求方式：POST,headers:{'Authorization': 'Bearer eyJhbGciOiJIUzUxMiJ9.eyJzdWIiOiI2NjExIiwibWVyX25vIjoicGpfNC4wIiwidXNlcl9uYW1lIjoiIiwibWFsbF90YWciOiJwal80LjAiLCJleHRfaWRfMSI6IiIsIm1hcHBfaWQiOjEwOTAwLCJ1aWQiOjY2MTEsImZpcnN0X2xvZ2luX21hbGwiOmZhbHNlLCJtYWxsX2lkIjo5MDA0LCJzdGF0ZSI6IlVTRVIiLCJleHAiOjE3MTEwMDA0MjUsImFwcF9pZCI6InBqXzQuMCIsImlhdCI6MTcwODQwODQyNSwiYWNjX2lkIjo3MzIyfQ.v4nQGPhMSDc_vSkFC_V5FEcoJ88rIi6IuMKdywpJ3Fdn2NApyc_QBSWg2111xPl8sFbQpjn6cCAmeL56fOQ3pQ'}
[2024-02-20 13:53:46.995438] INFO: interface_case_run: 测试用例执行完毕
