[2024-02-20 17:20:08.696093] INFO: interface_case_run: 当前模块 生成数据驱动所用数据
[2024-02-20 17:20:08.696093] INFO: interface_case_run: 全部args参数参数信息 , ('加入隐形购物车.xls',)
[2024-02-20 17:20:08.697089] INFO: interface_case_run: 全部kwargs参数信息 , {}
[2024-02-20 17:20:08.697089] INFO: interface_case_run: 当前模块 解析测试用例文件
[2024-02-20 17:20:08.699057] INFO: interface_case_run: 全部args参数参数信息 , ('G:\\python项目\\python_zdhkj\\test_case_data\\加入隐形购物车.xls',)
[2024-02-20 17:20:08.700083] INFO: interface_case_run: 全部kwargs参数信息 , {}
[2024-02-20 17:20:08.709057] INFO: interface_case_run: 当前模块 生成数据驱动所用数据
[2024-02-20 17:20:08.710056] INFO: interface_case_run: 全部args参数参数信息 , ('生成临时订单号.xls',)
[2024-02-20 17:20:08.711025] INFO: interface_case_run: 全部kwargs参数信息 , {}
[2024-02-20 17:20:08.711025] INFO: interface_case_run: 当前模块 解析测试用例文件
[2024-02-20 17:20:08.712021] INFO: interface_case_run: 全部args参数参数信息 , ('G:\\python项目\\python_zdhkj\\test_case_data\\生成临时订单号.xls',)
[2024-02-20 17:20:08.713019] INFO: interface_case_run: 全部kwargs参数信息 , {}
[2024-02-20 17:20:09.172476] INFO: interface_case_run: 测试用例开始执行
[2024-02-20 17:20:09.174470] INFO: interface_case_run: 输入参数：地址:https://mall-fat-eqmall2.100bm.cn,url:/api/zoneShoppingCart/addToCart,key:,参数:{
  'skuId':'1149944',
  'zoneTag': '',
  'zoneId': '0',
  'igrId': 'null',
  'num': '1',
  'buyInstantly': 'true',
  'buyAgain': 'true',
  'activityId': '0'
},期望:126401.0,请求方式：POST,headers:{'Authorization': 'Bearer eyJhbGciOiJIUzUxMiJ9.eyJzdWIiOiI2NjExIiwibWVyX25vIjoicGpfNC4wIiwidXNlcl9uYW1lIjoiIiwibWFsbF90YWciOiJwal80LjAiLCJleHRfaWRfMSI6IiIsIm1hcHBfaWQiOjEwOTAwLCJ1aWQiOjY2MTEsImZpcnN0X2xvZ2luX21hbGwiOmZhbHNlLCJtYWxsX2lkIjo5MDA0LCJzdGF0ZSI6IlVTRVIiLCJleHAiOjE3MTEwMTI4MDksImFwcF9pZCI6InBqXzQuMCIsImlhdCI6MTcwODQyMDgwOSwiYWNjX2lkIjo3MzIyfQ.PpyJlSHjwFi_EbmatLBpABr1-pEfu5QS16oxJAcvf_jAwjGtSKUiBsQBn08QSQayHe0ECE4PafgP6a5qv0crOg'}
[2024-02-20 17:20:09.600449] INFO: interface_case_run: 返回结果:{'code': 0, 'result': 127804}
[2024-02-20 17:20:09.602301] INFO: interface_case_run: 当前模块 断言测试结果
[2024-02-20 17:20:09.602301] INFO: interface_case_run: 全部args参数参数信息 , (126401.0,)
[2024-02-20 17:20:09.603329] INFO: interface_case_run: 全部kwargs参数信息 , {}
[2024-02-20 17:20:09.606321] INFO: interface_case_run: 测试用例执行完毕
[2024-02-20 17:20:09.607318] INFO: interface_case_run: 测试用例开始执行
[2024-02-20 17:20:09.608315] INFO: interface_case_run: 输入参数：地址:https://mall-fat-eqmall2.100bm.cn,url:/api/zoneShoppingCart/generateTOrderId,key:,参数:{
  'spcIds':'[127804]'},期望:126401.0,请求方式：POST,headers:{'Authorization': 'Bearer eyJhbGciOiJIUzUxMiJ9.eyJzdWIiOiI2NjExIiwibWVyX25vIjoicGpfNC4wIiwidXNlcl9uYW1lIjoiIiwibWFsbF90YWciOiJwal80LjAiLCJleHRfaWRfMSI6IiIsIm1hcHBfaWQiOjEwOTAwLCJ1aWQiOjY2MTEsImZpcnN0X2xvZ2luX21hbGwiOmZhbHNlLCJtYWxsX2lkIjo5MDA0LCJzdGF0ZSI6IlVTRVIiLCJleHAiOjE3MTEwMTI4MDksImFwcF9pZCI6InBqXzQuMCIsImlhdCI6MTcwODQyMDgwOSwiYWNjX2lkIjo3MzIyfQ.PpyJlSHjwFi_EbmatLBpABr1-pEfu5QS16oxJAcvf_jAwjGtSKUiBsQBn08QSQayHe0ECE4PafgP6a5qv0crOg'}
[2024-02-20 17:20:10.008823] INFO: interface_case_run: 返回结果:{'code': 1, 'result': '接口请求失败，返回状态码：500'}
[2024-02-20 17:20:10.009819] INFO: interface_case_run: 当前模块 断言测试结果
[2024-02-20 17:20:10.009819] INFO: interface_case_run: 全部args参数参数信息 , (126401.0,)
[2024-02-20 17:20:10.010819] INFO: interface_case_run: 全部kwargs参数信息 , {}
[2024-02-20 17:20:10.012817] INFO: interface_case_run: 测试用例执行完毕
