[2024-02-21 17:55:32.316876] INFO: interface_case_run: 当前模块 生成数据驱动所用数据
[2024-02-21 17:55:32.317845] INFO: interface_case_run: 全部args参数参数信息 , ('加入隐形购物车.xls',)
[2024-02-21 17:55:32.317845] INFO: interface_case_run: 全部kwargs参数信息 , {}
[2024-02-21 17:55:32.318842] INFO: interface_case_run: 当前模块 解析测试用例文件
[2024-02-21 17:55:32.318842] INFO: interface_case_run: 全部args参数参数信息 , ('G:\\python项目\\python_zdhkj\\test_case_data\\加入隐形购物车.xls',)
[2024-02-21 17:55:32.319841] INFO: interface_case_run: 全部kwargs参数信息 , {}
[2024-02-21 17:55:32.329841] INFO: interface_case_run: 当前模块 生成数据驱动所用数据
[2024-02-21 17:55:32.329841] INFO: interface_case_run: 全部args参数参数信息 , ('生成临时订单号.xls',)
[2024-02-21 17:55:32.330842] INFO: interface_case_run: 全部kwargs参数信息 , {}
[2024-02-21 17:55:32.330842] INFO: interface_case_run: 当前模块 解析测试用例文件
[2024-02-21 17:55:32.331835] INFO: interface_case_run: 全部args参数参数信息 , ('G:\\python项目\\python_zdhkj\\test_case_data\\生成临时订单号.xls',)
[2024-02-21 17:55:32.331835] INFO: interface_case_run: 全部kwargs参数信息 , {}
[2024-02-21 17:55:32.889063] INFO: interface_case_run: 测试用例开始执行
[2024-02-21 17:55:32.892054] INFO: interface_case_run: 输入参数：地址:https://mall-fat-eqmall2.100bm.cn,url:/api/zoneShoppingCart/addToCart,key:,参数:{
  'skuId':'1149944',
  'zoneTag': '',
  'zoneId': '0',
  'igrId': 'null',
  'num': '1',
  'buyInstantly': 'true',
  'buyAgain': 'true',
  'activityId': '0'
},期望:126401.0,请求方式：POST,headers:{'Authorization': 'Bearer eyJhbGciOiJIUzUxMiJ9.eyJzdWIiOiI2NjExIiwibWVyX25vIjoicGpfNC4wIiwidXNlcl9uYW1lIjoiIiwibWFsbF90YWciOiJwal80LjAiLCJleHRfaWRfMSI6IiIsIm1hcHBfaWQiOjEwOTAwLCJ1aWQiOjY2MTEsImZpcnN0X2xvZ2luX21hbGwiOmZhbHNlLCJtYWxsX2lkIjo5MDA0LCJzdGF0ZSI6IlVTRVIiLCJleHAiOjE3MTExMDEzMzIsImFwcF9pZCI6InBqXzQuMCIsImlhdCI6MTcwODUwOTMzMiwiYWNjX2lkIjo3MzIyfQ.qgJPRG5nvwzR-bXQlBIbaRQXZna9ayqVsoOduhCGC7U0iEkOl330VrDUvLXhOFd3ZhGxaN40Xn2-1mN9hxoTfg'}
[2024-02-21 17:55:33.583236] INFO: interface_case_run: 返回结果:{'code': 0, 'result': 127838}
[2024-02-21 17:55:33.584229] INFO: interface_case_run: 当前模块 断言测试结果
[2024-02-21 17:55:33.584229] INFO: interface_case_run: 全部args参数参数信息 , (126401.0,)
[2024-02-21 17:55:33.585227] INFO: interface_case_run: 全部kwargs参数信息 , {}
[2024-02-21 17:55:33.586242] INFO: interface_case_run: 测试用例执行完毕
[2024-02-21 17:55:33.587221] INFO: interface_case_run: 测试用例开始执行
[2024-02-21 17:55:33.588218] INFO: interface_case_run: 输入参数：地址:https://mall-fat-eqmall2.100bm.cn,url:/api/zoneShoppingCart/generateTOrderId,key:,参数:{
  'spcIds':[127838]},期望:126401.0,请求方式：POST,headers:{'Content-Type': 'application/json', 'Authorization': 'Bearer eyJhbGciOiJIUzUxMiJ9.eyJzdWIiOiI2NjExIiwibWVyX25vIjoicGpfNC4wIiwidXNlcl9uYW1lIjoiIiwibWFsbF90YWciOiJwal80LjAiLCJleHRfaWRfMSI6IiIsIm1hcHBfaWQiOjEwOTAwLCJ1aWQiOjY2MTEsImZpcnN0X2xvZ2luX21hbGwiOmZhbHNlLCJtYWxsX2lkIjo5MDA0LCJzdGF0ZSI6IlVTRVIiLCJleHAiOjE3MTExMDEzMzIsImFwcF9pZCI6InBqXzQuMCIsImlhdCI6MTcwODUwOTMzMiwiYWNjX2lkIjo3MzIyfQ.qgJPRG5nvwzR-bXQlBIbaRQXZna9ayqVsoOduhCGC7U0iEkOl330VrDUvLXhOFd3ZhGxaN40Xn2-1mN9hxoTfg'}
[2024-02-21 17:55:33.934921] INFO: interface_case_run: 当前模块 断言测试结果
[2024-02-21 17:55:33.936909] INFO: interface_case_run: 全部args参数参数信息 , (126401.0,)
[2024-02-21 17:55:33.937906] INFO: interface_case_run: 全部kwargs参数信息 , {}
[2024-02-21 17:55:33.942865] INFO: interface_case_run: 测试用例执行完毕
