[2024-03-01 14:56:04.668993] INFO: interface_case_run: 当前模块 生成数据驱动所用数据
[2024-03-01 14:56:04.669991] INFO: interface_case_run: 全部args参数参数信息 , ('加入隐形购物车.xls',)
[2024-03-01 14:56:04.669991] INFO: interface_case_run: 全部kwargs参数信息 , {}
[2024-03-01 14:56:04.670988] INFO: interface_case_run: 当前模块 解析测试用例文件
[2024-03-01 14:56:04.670988] INFO: interface_case_run: 全部args参数参数信息 , ('G:\\python项目\\python_zdhkj\\test_case_data\\加入隐形购物车.xls',)
[2024-03-01 14:56:04.670988] INFO: interface_case_run: 全部kwargs参数信息 , {}
[2024-03-01 14:56:04.681931] INFO: interface_case_run: 当前模块 生成数据驱动所用数据
[2024-03-01 14:56:04.682928] INFO: interface_case_run: 全部args参数参数信息 , ('生成临时订单号.xls',)
[2024-03-01 14:56:04.682928] INFO: interface_case_run: 全部kwargs参数信息 , {}
[2024-03-01 14:56:04.683926] INFO: interface_case_run: 当前模块 解析测试用例文件
[2024-03-01 14:56:04.683926] INFO: interface_case_run: 全部args参数参数信息 , ('G:\\python项目\\python_zdhkj\\test_case_data\\生成临时订单号.xls',)
[2024-03-01 14:56:04.684951] INFO: interface_case_run: 全部kwargs参数信息 , {}
[2024-03-01 14:56:04.686945] INFO: interface_case_run: 当前模块 生成数据驱动所用数据
[2024-03-01 14:56:04.687943] INFO: interface_case_run: 全部args参数参数信息 , ('金额计算.xls',)
[2024-03-01 14:56:04.688913] INFO: interface_case_run: 全部kwargs参数信息 , {}
[2024-03-01 14:56:04.688913] INFO: interface_case_run: 当前模块 解析测试用例文件
[2024-03-01 14:56:04.689938] INFO: interface_case_run: 全部args参数参数信息 , ('G:\\python项目\\python_zdhkj\\test_case_data\\金额计算.xls',)
[2024-03-01 14:56:04.689938] INFO: interface_case_run: 全部kwargs参数信息 , {}
[2024-03-01 14:56:04.692930] INFO: interface_case_run: 当前模块 生成数据驱动所用数据
[2024-03-01 14:56:04.693930] INFO: interface_case_run: 全部args参数参数信息 , ('下单.xls',)
[2024-03-01 14:56:04.693930] INFO: interface_case_run: 全部kwargs参数信息 , {}
[2024-03-01 14:56:04.694924] INFO: interface_case_run: 当前模块 解析测试用例文件
[2024-03-01 14:56:04.694924] INFO: interface_case_run: 全部args参数参数信息 , ('G:\\python项目\\python_zdhkj\\test_case_data\\下单.xls',)
[2024-03-01 14:56:04.695921] INFO: interface_case_run: 全部kwargs参数信息 , {}
[2024-03-01 14:56:04.697916] INFO: interface_case_run: 当前模块 生成数据驱动所用数据
[2024-03-01 14:56:04.698913] INFO: interface_case_run: 全部args参数参数信息 , ('输入支付密码.xls',)
[2024-03-01 14:56:04.699913] INFO: interface_case_run: 全部kwargs参数信息 , {}
[2024-03-01 14:56:04.699913] INFO: interface_case_run: 当前模块 解析测试用例文件
[2024-03-01 14:56:04.700881] INFO: interface_case_run: 全部args参数参数信息 , ('G:\\python项目\\python_zdhkj\\test_case_data\\输入支付密码.xls',)
[2024-03-01 14:56:04.700881] INFO: interface_case_run: 全部kwargs参数信息 , {}
[2024-03-01 14:56:04.703900] INFO: interface_case_run: 当前模块 生成数据驱动所用数据
[2024-03-01 14:56:04.703900] INFO: interface_case_run: 全部args参数参数信息 , ('支付.xls',)
[2024-03-01 14:56:04.703900] INFO: interface_case_run: 全部kwargs参数信息 , {}
[2024-03-01 14:56:04.704900] INFO: interface_case_run: 当前模块 解析测试用例文件
[2024-03-01 14:56:04.705895] INFO: interface_case_run: 全部args参数参数信息 , ('G:\\python项目\\python_zdhkj\\test_case_data\\支付.xls',)
[2024-03-01 14:56:04.705895] INFO: interface_case_run: 全部kwargs参数信息 , {}
[2024-03-01 14:56:05.247937] INFO: interface_case_run: 测试用例开始执行
[2024-03-01 14:56:05.249932] INFO: interface_case_run: 输入参数：地址:https://mall-fat-eqmall2.100bm.cn,url:/api/zoneShoppingCart/addToCart,key:,参数:{
  'skuId':'1149945',
  'zoneTag': '',
  'zoneId': '0',
  'igrId': 'null',
  'num': '1',
  'buyInstantly': 'true',
  'buyAgain': 'true',
  'activityId': '0'
},期望:expected_status_code=200,请求方式：POST,headers:{'Authorization': 'Bearer eyJhbGciOiJIUzUxMiJ9.eyJzdWIiOiI1MjU5IiwibWVyX25vIjoicGpfNC4wIiwidXNlcl9uYW1lIjoi5r2Y6I-KIiwibWFsbF90YWciOiJwal80LjAiLCJleHRfaWRfMSI6IjEzNzk1OTk3NjkxIiwibWFwcF9pZCI6MTA5MDAsInVpZCI6NTI1OSwiZmlyc3RfbG9naW5fbWFsbCI6ZmFsc2UsIm1hbGxfaWQiOjkwMDQsInN0YXRlIjoiVVNFUiIsImV4cCI6MTcxMTg2ODE2NSwiYXBwX2lkIjoicGpfNC4wIiwiaWF0IjoxNzA5Mjc2MTY1LCJhY2NfaWQiOjYzOTR9.fIaPx1HLOzK2xfEw5NlyfgXeLtTHohRzHbGCs3M4brd4mDCFIYd41haW-UMJ7gmcHeVAY1AVZ33o__JnUQ_zfg'}
[2024-03-01 14:56:05.796549] INFO: interface_case_run: 返回结果:{'code': 0, 'result': 128202}
[2024-03-01 14:56:05.797545] INFO: interface_case_run: 当前模块 断言测试结果
[2024-03-01 14:56:05.797545] INFO: interface_case_run: 全部args参数参数信息 , ('expected_status_code=200',)
[2024-03-01 14:56:05.798542] INFO: interface_case_run: 全部kwargs参数信息 , {}
[2024-03-01 14:56:06.205976] INFO: interface_case_run: 测试用例执行完毕
