[2023-11-21 14:30:47.258628] INFO: interface_case_run: 当前模块 生成数据驱动所用数据
[2023-11-21 14:30:47.259626] INFO: interface_case_run: 全部args参数参数信息 , ()
[2023-11-21 14:30:47.259626] INFO: interface_case_run: 全部kwargs参数信息 , {}
[2023-11-21 14:30:47.259626] INFO: interface_case_run: 当前模块 解析测试用例文件
[2023-11-21 14:30:47.260623] INFO: interface_case_run: 全部args参数参数信息 , ('G:\\python项目\\python_zdhkj\\test_case_data\\case.xls',)
[2023-11-21 14:30:47.261621] INFO: interface_case_run: 全部kwargs参数信息 , {}
[2023-11-21 14:30:47.277578] INFO: interface_case_run: 获取登录接口token
[2023-11-21 14:30:47.277578] INFO: interface_case_run: 测试用例开始执行
[2023-11-21 14:30:47.278575] INFO: interface_case_run: {'username': 'admin', 'password': '1c63129ae9db9c60c3e8aa94d3e00495', 'vcode': '000000', 'ident': 'pj_6.0'}
[2023-11-21 14:30:47.278575] INFO: interface_case_run: 输入参数：地址:http://mgr.fat.eqmall2.100bm.cn,url:/api/login/auth,key:,参数:{
  "username": "admin",
  "password": "1c63129ae9db9c60c3e8aa94d3e00495",
  "vcode": "000000",
  "ident": "pj_6.0"
},期望:code=0,请求方式：POST
[2023-11-21 14:30:47.382297] INFO: interface_case_run: 测试用例执行完毕
[2023-11-21 14:30:47.382297] INFO: interface_case_run: 测试用例开始执行
[2023-11-21 14:30:47.383295] INFO: interface_case_run: {'username': 'admin', 'password': '1c63129ae9db9c60c3e8aa94d3e00495', 'vcode': '000000', 'ident': 'pj_6.0'}
[2023-11-21 14:30:47.383295] INFO: interface_case_run: 输入参数：地址:http://mgr.fat.eqmall2.100bm.cn,url:/api/login/auth,key:,参数:{
  "username": "admin",
  "password": "1c63129ae9db9c60c3e8aa94d3e00495",
  "vcode": "000000",
  "ident": "pj_6.0"
},期望:code=0,请求方式：POST
[2023-11-21 14:30:47.429234] INFO: interface_case_run: 测试用例执行完毕
[2023-11-21 14:30:47.430262] INFO: interface_case_run: 测试用例开始执行
[2023-11-21 14:30:47.430262] INFO: interface_case_run: {'username': 'admin', 'password': '1c63129ae9db9c60c3e8aa94d3e00495', 'vcode': '000000', 'ident': 'pj_6.0'}
[2023-11-21 14:30:47.431231] INFO: interface_case_run: 输入参数：地址:http://mgr.fat.eqmall2.100bm.cn,url:/api/login/auth,key:,参数:{
  "username": "admin",
  "password": "1c63129ae9db9c60c3e8aa94d3e00495",
  "vcode": "000000",
  "ident": "pj_6.0"
},期望:code=0,请求方式：POST
[2023-11-21 14:30:47.504363] INFO: interface_case_run: 测试用例执行完毕
[2023-11-21 14:30:47.505387] INFO: interface_case_run: 测试用例开始执行
[2023-11-21 14:30:47.506393] INFO: interface_case_run: {'username': 'admin', 'password': '1c63129ae9db9c60c3e8aa94d3e00495', 'vcode': '000000', 'ident': 'pj_6.0'}
[2023-11-21 14:30:47.508355] INFO: interface_case_run: 输入参数：地址:http://mgr.fat.eqmall2.100bm.cn,url:/api/login/auth,key:,参数:{
  "username": "admin",
  "password": "1c63129ae9db9c60c3e8aa94d3e00495",
  "vcode": "000000",
  "ident": "pj_6.0"
},期望:code=0,请求方式：POST
[2023-11-21 14:30:47.561676] INFO: interface_case_run: 测试用例执行完毕
