[2023-10-31 09:35:19.491516] INFO: interface_case_run: 当前模块 生成数据驱动所用数据
[2023-10-31 09:35:19.491516] INFO: interface_case_run: 全部args参数参数信息 , ()
[2023-10-31 09:35:19.492513] INFO: interface_case_run: 全部kwargs参数信息 , {}
[2023-10-31 09:35:19.492513] INFO: interface_case_run: 当前模块 解析测试用例文件
[2023-10-31 09:35:19.493510] INFO: interface_case_run: 全部args参数参数信息 , ('G:\\python学习\\jiekou-python3-master\\jiekou-python3-master\\test_case_data\\case.xls',)
[2023-10-31 09:35:19.493510] INFO: interface_case_run: 全部kwargs参数信息 , {}
[2023-10-31 09:35:19.507473] INFO: interface_case_run: 测试用例开始执行
[2023-10-31 09:35:19.508471] INFO: interface_case_run: {'key': 'aaaa', 'info': {'password': '1222'}}
[2023-10-31 09:35:19.508471] INFO: interface_case_run: 输入参数：地址:http://mgr.fat.eqmall2.100bm.cn,url:/openapi/api,key:aaaa,参数:{'password':'1222'},期望:,请求方式：POST
[2023-10-31 09:35:19.614128] INFO: interface_case_run: 返回结果:{'code': 1, 'result': '接口请求失败，返回状态码：405'}
[2023-10-31 09:35:19.616120] INFO: interface_case_run: 当前模块 断言测试结果
[2023-10-31 09:35:19.618116] INFO: interface_case_run: 全部args参数参数信息 , ('',)
[2023-10-31 09:35:19.619113] INFO: interface_case_run: 全部kwargs参数信息 , {}
[2023-10-31 09:35:19.621110] INFO: interface_case_run: 填写测试预期值
[2023-10-31 09:35:19.628092] INFO: interface_case_run: 测试用例执行完毕
[2023-10-31 09:35:19.629120] INFO: interface_case_run: 测试用例开始执行
[2023-10-31 09:35:19.632078] INFO: interface_case_run: {'key': 'aaaa', 'info': {'password': '1222'}}
[2023-10-31 09:35:19.635071] INFO: interface_case_run: 输入参数：地址:http://mgr.fat.eqmall2.100bm.cn,url:/openapi/api,key:aaaa,参数:{'password':'1222'},期望:,请求方式：POST
[2023-10-31 09:35:19.668667] INFO: interface_case_run: 返回结果:{'code': 1, 'result': '接口请求失败，返回状态码：405'}
[2023-10-31 09:35:19.669665] INFO: interface_case_run: 当前模块 断言测试结果
[2023-10-31 09:35:19.670690] INFO: interface_case_run: 全部args参数参数信息 , ('',)
[2023-10-31 09:35:19.671660] INFO: interface_case_run: 全部kwargs参数信息 , {}
[2023-10-31 09:35:19.672656] INFO: interface_case_run: 填写测试预期值
[2023-10-31 09:35:19.674678] INFO: interface_case_run: 测试用例执行完毕
[2023-10-31 09:35:19.675647] INFO: interface_case_run: 测试用例开始执行
[2023-10-31 09:35:19.676674] INFO: interface_case_run: {'key': 'aaaa', 'info': {'password': '1222'}}
[2023-10-31 09:35:19.677670] INFO: interface_case_run: 输入参数：地址:http://mgr.fat.eqmall2.100bm.cn,url:/openapi/api,key:aaaa,参数:{'password':'1222'},期望:,请求方式：POST
[2023-10-31 09:35:19.704571] INFO: interface_case_run: 返回结果:{'code': 1, 'result': '接口请求失败，返回状态码：405'}
[2023-10-31 09:35:19.706566] INFO: interface_case_run: 当前模块 断言测试结果
[2023-10-31 09:35:19.707563] INFO: interface_case_run: 全部args参数参数信息 , ('',)
[2023-10-31 09:35:19.708561] INFO: interface_case_run: 全部kwargs参数信息 , {}
[2023-10-31 09:35:19.709558] INFO: interface_case_run: 填写测试预期值
[2023-10-31 09:35:19.711552] INFO: interface_case_run: 测试用例执行完毕
[2023-10-31 09:35:19.712584] INFO: interface_case_run: 测试用例开始执行
[2023-10-31 09:35:19.713547] INFO: interface_case_run: {'key': 'aaaa', 'info': {'password': '1222'}}
[2023-10-31 09:35:19.714546] INFO: interface_case_run: 输入参数：地址:http://mgr.fat.eqmall2.100bm.cn,url:/openapi/api,key:aaaa,参数:{'password':'1222'},期望:,请求方式：POST
[2023-10-31 09:35:19.742469] INFO: interface_case_run: 返回结果:{'code': 1, 'result': '接口请求失败，返回状态码：405'}
[2023-10-31 09:35:19.742469] INFO: interface_case_run: 当前模块 断言测试结果
[2023-10-31 09:35:19.743466] INFO: interface_case_run: 全部args参数参数信息 , ('',)
[2023-10-31 09:35:19.744463] INFO: interface_case_run: 全部kwargs参数信息 , {}
[2023-10-31 09:35:19.744463] INFO: interface_case_run: 填写测试预期值
[2023-10-31 09:35:19.746459] INFO: interface_case_run: 测试用例执行完毕
[2023-10-31 09:35:19.746459] INFO: interface_case_run: 测试用例开始执行
[2023-10-31 09:35:19.747456] INFO: interface_case_run: {'key': '', 'info': {'username': 'admin', 'password': '1c63129ae9db9c60c3e8aa94d3e00495', 'vcode': '000000', 'ident': 'pj_6.0'}}
[2023-10-31 09:35:19.747456] INFO: interface_case_run: 输入参数：地址:http://mgr.fat.eqmall2.100bm.cn,url:/api/login/auth,key:,参数:{
  'username': 'admin',
  'password': '1c63129ae9db9c60c3e8aa94d3e00495',
  'vcode': '000000',
  'ident': 'pj_6.0'
},期望:uid=2,请求方式：POST
[2023-10-31 09:35:19.785354] INFO: interface_case_run: 返回结果:{'code': 1, 'result': '接口请求失败，返回状态码：400'}
[2023-10-31 09:35:19.786354] INFO: interface_case_run: 当前模块 断言测试结果
[2023-10-31 09:35:19.787351] INFO: interface_case_run: 全部args参数参数信息 , ('uid=2',)
[2023-10-31 09:35:19.787351] INFO: interface_case_run: 全部kwargs参数信息 , {}
[2023-10-31 09:35:19.789343] INFO: interface_case_run: 测试用例执行完毕
[2023-10-31 09:35:19.789343] INFO: interface_case_run: 测试用例开始执行
[2023-10-31 09:35:19.790341] INFO: interface_case_run: {'key': '', 'info': {'username': 'admin', 'password': '1c63129ae9db9c60c3e8aa94d3e00495', 'vcode': '000000', 'ident': 'pj_6.0'}}
[2023-10-31 09:35:19.790341] INFO: interface_case_run: 输入参数：地址:http://mgr.fat.eqmall2.100bm.cn,url:/api/login/auth,key:,参数:{
  'username': 'admin',
  'password': '1c63129ae9db9c60c3e8aa94d3e00495',
  'vcode': '000000',
  'ident': 'pj_6.0'
},期望:uid=2,请求方式：POST
[2023-10-31 09:35:19.824419] INFO: interface_case_run: 返回结果:{'code': 1, 'result': '接口请求失败，返回状态码：400'}
[2023-10-31 09:35:19.824419] INFO: interface_case_run: 当前模块 断言测试结果
[2023-10-31 09:35:19.825417] INFO: interface_case_run: 全部args参数参数信息 , ('uid=2',)
[2023-10-31 09:35:19.825417] INFO: interface_case_run: 全部kwargs参数信息 , {}
[2023-10-31 09:35:19.826437] INFO: interface_case_run: 测试用例执行完毕
[2023-10-31 09:35:19.827437] INFO: interface_case_run: 测试用例开始执行
[2023-10-31 09:35:19.827437] INFO: interface_case_run: {'key': '', 'info': {'username': 'admin', 'password': '1c63129ae9db9c60c3e8aa94d3e00495', 'vcode': '000000', 'ident': 'pj_6.0'}}
[2023-10-31 09:35:19.828432] INFO: interface_case_run: 输入参数：地址:http://mgr.fat.eqmall2.100bm.cn,url:/api/login/auth,key:,参数:{
  'username': 'admin',
  'password': '1c63129ae9db9c60c3e8aa94d3e00495',
  'vcode': '000000',
  'ident': 'pj_6.0'
},期望:uid=2,请求方式：POST
[2023-10-31 09:35:19.856334] INFO: interface_case_run: 返回结果:{'code': 1, 'result': '接口请求失败，返回状态码：400'}
[2023-10-31 09:35:19.856334] INFO: interface_case_run: 当前模块 断言测试结果
[2023-10-31 09:35:19.857356] INFO: interface_case_run: 全部args参数参数信息 , ('uid=2',)
[2023-10-31 09:35:19.857356] INFO: interface_case_run: 全部kwargs参数信息 , {}
[2023-10-31 09:35:19.858352] INFO: interface_case_run: 测试用例执行完毕
[2023-10-31 09:35:19.858352] INFO: interface_case_run: 测试用例开始执行
[2023-10-31 09:35:19.859347] INFO: interface_case_run: {'key': '', 'info': {'username': 'admin', 'password': '1c63129ae9db9c60c3e8aa94d3e00495', 'vcode': '000000', 'ident': 'pj_6.0'}}
[2023-10-31 09:35:19.860323] INFO: interface_case_run: 输入参数：地址:http://mgr.fat.eqmall2.100bm.cn,url:/api/login/auth,key:,参数:{
  'username': 'admin',
  'password': '1c63129ae9db9c60c3e8aa94d3e00495',
  'vcode': '000000',
  'ident': 'pj_6.0'
},期望:uid=2,请求方式：POST
[2023-10-31 09:35:19.889281] INFO: interface_case_run: 返回结果:{'code': 1, 'result': '接口请求失败，返回状态码：400'}
[2023-10-31 09:35:19.891276] INFO: interface_case_run: 当前模块 断言测试结果
[2023-10-31 09:35:19.892273] INFO: interface_case_run: 全部args参数参数信息 , ('uid=2',)
[2023-10-31 09:35:19.893271] INFO: interface_case_run: 全部kwargs参数信息 , {}
[2023-10-31 09:35:19.895266] INFO: interface_case_run: 测试用例执行完毕
