[2024-01-03 16:43:56.003135] INFO: interface_case_run: 当前模块 生成数据驱动所用数据
[2024-01-03 16:43:56.004131] INFO: interface_case_run: 全部args参数参数信息 , ()
[2024-01-03 16:43:56.004131] INFO: interface_case_run: 全部kwargs参数信息 , {}
[2024-01-03 16:43:56.005158] INFO: interface_case_run: 当前模块 解析测试用例文件
[2024-01-03 16:43:56.005158] INFO: interface_case_run: 全部args参数参数信息 , ('G:\\python项目\\python_zdhkj\\test_case_data\\case.xls',)
[2024-01-03 16:43:56.006155] INFO: interface_case_run: 全部kwargs参数信息 , {}
[2024-01-03 16:43:56.662528] INFO: interface_case_run: 获取登录接口token: Bearer eyJhbGciOiJIUzUxMiJ9.eyJzdWIiOiI2NjExIiwibWVyX25vIjoicGpfNC4wIiwidXNlcl9uYW1lIjoiIiwibWFsbF90YWciOiJwal80LjAiLCJleHRfaWRfMSI6IiIsIm1hcHBfaWQiOjEwOTAwLCJ1aWQiOjY2MTEsImZpcnN0X2xvZ2luX21hbGwiOmZhbHNlLCJtYWxsX2lkIjo5MDA0LCJzdGF0ZSI6IlVTRVIiLCJleHAiOjE3MDY4NjM0MzYsImFwcF9pZCI6InBqXzQuMCIsImlhdCI6MTcwNDI3MTQzNiwiYWNjX2lkIjo3MzIyfQ.o9hy7AN3L0pjEaiWiRtGOQ_OZNJzdVVeO3nC0ZIftP-phr13QfKpvBsLnDTs5l7grmOIV_jw1Hu1gDH7gYNJ9A
[2024-01-03 16:43:56.669508] INFO: interface_case_run: 测试用例开始执行
[2024-01-03 16:43:56.671502] INFO: interface_case_run: {'username': 'admin', 'password': '1c63129ae9db9c60c3e8aa94d3e00495', 'vcode': '000000', 'ident': 'pj_6.0'}
[2024-01-03 16:43:56.673497] INFO: interface_case_run: 输入参数：地址:https://mall-fat-eqmall2.100bm.cn,url:/api/login/auth,key:,参数:{
  "username": "admin",
  "password": "1c63129ae9db9c60c3e8aa94d3e00495",
  "vcode": "000000",
  "ident": "pj_6.0"
},期望:code=0,请求方式：POST
[2024-01-03 16:43:57.241314] INFO: interface_case_run: 测试用例执行完毕
[2024-01-03 16:43:57.243309] INFO: interface_case_run: 测试用例开始执行
[2024-01-03 16:43:57.245304] INFO: interface_case_run: {'username': 'admin', 'password': '1c63129ae9db9c60c3e8aa94d3e00495', 'vcode': '000000', 'ident': 'pj_6.0'}
[2024-01-03 16:43:57.247297] INFO: interface_case_run: 输入参数：地址:https://mall-fat-eqmall2.100bm.cn,url:/api/login/auth,key:,参数:{
  "username": "admin",
  "password": "1c63129ae9db9c60c3e8aa94d3e00495",
  "vcode": "000000",
  "ident": "pj_6.0"
},期望:code=0,请求方式：POST
[2024-01-03 16:43:57.616184] INFO: interface_case_run: 测试用例执行完毕
[2024-01-03 16:43:57.618173] INFO: interface_case_run: 测试用例开始执行
[2024-01-03 16:43:57.620213] INFO: interface_case_run: {'username': 'admin', 'password': '1c63129ae9db9c60c3e8aa94d3e00495', 'vcode': '000000', 'ident': 'pj_6.0'}
[2024-01-03 16:43:57.621211] INFO: interface_case_run: 输入参数：地址:https://mall-fat-eqmall2.100bm.cn,url:/api/login/auth,key:,参数:{
  "username": "admin",
  "password": "1c63129ae9db9c60c3e8aa94d3e00495",
  "vcode": "000000",
  "ident": "pj_6.0"
},期望:code=0,请求方式：POST
[2024-01-03 16:43:58.283051] INFO: interface_case_run: 测试用例执行完毕
[2024-01-03 16:43:58.286041] INFO: interface_case_run: 测试用例开始执行
[2024-01-03 16:43:58.288035] INFO: interface_case_run: {'username': 'admin', 'password': '1c63129ae9db9c60c3e8aa94d3e00495', 'vcode': '000000', 'ident': 'pj_6.0'}
[2024-01-03 16:43:58.291028] INFO: interface_case_run: 输入参数：地址:https://mall-fat-eqmall2.100bm.cn,url:/api/login/auth,key:,参数:{
  "username": "admin",
  "password": "1c63129ae9db9c60c3e8aa94d3e00495",
  "vcode": "000000",
  "ident": "pj_6.0"
},期望:code=0,请求方式：POST
[2024-01-03 16:43:58.650315] INFO: interface_case_run: 测试用例执行完毕
