[2024-03-01 18:03:35.160057] INFO: interface_case_run: 当前模块 生成数据驱动所用数据
[2024-03-01 18:03:35.160057] INFO: interface_case_run: 全部args参数参数信息 , ('加入隐形购物车.xls',)
[2024-03-01 18:03:35.161083] INFO: interface_case_run: 全部kwargs参数信息 , {}
[2024-03-01 18:03:35.161083] INFO: interface_case_run: 当前模块 解析测试用例文件
[2024-03-01 18:03:35.162079] INFO: interface_case_run: 全部args参数参数信息 , ('G:\\python项目\\python_zdhkj\\test_case_data\\加入隐形购物车.xls',)
[2024-03-01 18:03:35.162079] INFO: interface_case_run: 全部kwargs参数信息 , {}
[2024-03-01 18:03:35.172053] INFO: interface_case_run: 当前模块 生成数据驱动所用数据
[2024-03-01 18:03:35.173024] INFO: interface_case_run: 全部args参数参数信息 , ('生成临时订单号.xls',)
[2024-03-01 18:03:35.173024] INFO: interface_case_run: 全部kwargs参数信息 , {}
[2024-03-01 18:03:35.174020] INFO: interface_case_run: 当前模块 解析测试用例文件
[2024-03-01 18:03:35.174020] INFO: interface_case_run: 全部args参数参数信息 , ('G:\\python项目\\python_zdhkj\\test_case_data\\生成临时订单号.xls',)
[2024-03-01 18:03:35.175045] INFO: interface_case_run: 全部kwargs参数信息 , {}
[2024-03-01 18:03:35.178009] INFO: interface_case_run: 当前模块 生成数据驱动所用数据
[2024-03-01 18:03:35.178009] INFO: interface_case_run: 全部args参数参数信息 , ('金额计算.xls',)
[2024-03-01 18:03:35.179006] INFO: interface_case_run: 全部kwargs参数信息 , {}
[2024-03-01 18:03:35.179006] INFO: interface_case_run: 当前模块 解析测试用例文件
[2024-03-01 18:03:35.180031] INFO: interface_case_run: 全部args参数参数信息 , ('G:\\python项目\\python_zdhkj\\test_case_data\\金额计算.xls',)
[2024-03-01 18:03:35.180031] INFO: interface_case_run: 全部kwargs参数信息 , {}
[2024-03-01 18:03:35.182995] INFO: interface_case_run: 当前模块 生成数据驱动所用数据
[2024-03-01 18:03:35.183993] INFO: interface_case_run: 全部args参数参数信息 , ('下单.xls',)
[2024-03-01 18:03:35.183993] INFO: interface_case_run: 全部kwargs参数信息 , {}
[2024-03-01 18:03:35.183993] INFO: interface_case_run: 当前模块 解析测试用例文件
[2024-03-01 18:03:35.184990] INFO: interface_case_run: 全部args参数参数信息 , ('G:\\python项目\\python_zdhkj\\test_case_data\\下单.xls',)
[2024-03-01 18:03:35.184990] INFO: interface_case_run: 全部kwargs参数信息 , {}
[2024-03-01 18:03:35.188981] INFO: interface_case_run: 当前模块 生成数据驱动所用数据
[2024-03-01 18:03:35.189978] INFO: interface_case_run: 全部args参数参数信息 , ('输入支付密码.xls',)
[2024-03-01 18:03:35.189978] INFO: interface_case_run: 全部kwargs参数信息 , {}
[2024-03-01 18:03:35.190974] INFO: interface_case_run: 当前模块 解析测试用例文件
[2024-03-01 18:03:35.190974] INFO: interface_case_run: 全部args参数参数信息 , ('G:\\python项目\\python_zdhkj\\test_case_data\\输入支付密码.xls',)
[2024-03-01 18:03:35.192002] INFO: interface_case_run: 全部kwargs参数信息 , {}
[2024-03-01 18:03:35.194963] INFO: interface_case_run: 当前模块 生成数据驱动所用数据
[2024-03-01 18:03:35.194963] INFO: interface_case_run: 全部args参数参数信息 , ('支付.xls',)
[2024-03-01 18:03:35.195961] INFO: interface_case_run: 全部kwargs参数信息 , {}
[2024-03-01 18:03:35.195961] INFO: interface_case_run: 当前模块 解析测试用例文件
[2024-03-01 18:03:35.196969] INFO: interface_case_run: 全部args参数参数信息 , ('G:\\python项目\\python_zdhkj\\test_case_data\\支付.xls',)
[2024-03-01 18:03:35.197956] INFO: interface_case_run: 全部kwargs参数信息 , {}
