[2024-02-04 17:45:33.695151] INFO: interface_case_run: 当前模块 生成数据驱动所用数据
[2024-02-04 17:45:33.696120] INFO: interface_case_run: 全部args参数参数信息 , ('加入隐形购物车.xls',)
[2024-02-04 17:45:33.697146] INFO: interface_case_run: 全部kwargs参数信息 , {}
[2024-02-04 17:45:33.697146] INFO: interface_case_run: 当前模块 解析测试用例文件
[2024-02-04 17:45:33.698143] INFO: interface_case_run: 全部args参数参数信息 , ('G:\\python项目\\python_zdhkj\\test_case_data\\加入隐形购物车.xls',)
[2024-02-04 17:45:33.698143] INFO: interface_case_run: 全部kwargs参数信息 , {}
[2024-02-04 17:45:33.707091] INFO: interface_case_run: 当前模块 生成数据驱动所用数据
[2024-02-04 17:45:33.708088] INFO: interface_case_run: 全部args参数参数信息 , ('生成临时订单号.xls',)
[2024-02-04 17:45:33.709086] INFO: interface_case_run: 全部kwargs参数信息 , {}
[2024-02-04 17:45:33.710083] INFO: interface_case_run: 当前模块 解析测试用例文件
[2024-02-04 17:45:33.710083] INFO: interface_case_run: 全部args参数参数信息 , ('G:\\python项目\\python_zdhkj\\test_case_data\\生成临时订单号.xls',)
[2024-02-04 17:45:33.711111] INFO: interface_case_run: 全部kwargs参数信息 , {}
[2024-02-04 17:45:34.255095] INFO: interface_case_run: 测试用例开始执行
[2024-02-04 17:45:34.257065] INFO: interface_case_run: 输入参数：地址:https://mall-fat-eqmall2.100bm.cn,url:/api/zoneShoppingCart/addToCart,key:,参数:{
  'skuId':'1149944',
  'zoneTag': '',
  'zoneId': '0',
  'igrId': 'null',
  'num': '1',
  'buyInstantly': 'true',
  'buyAgain': 'true',
  'activityId': '0'
},期望:126401.0,请求方式：POST,headers:{'Authorization': 'Bearer eyJhbGciOiJIUzUxMiJ9.eyJzdWIiOiI2NjExIiwibWVyX25vIjoicGpfNC4wIiwidXNlcl9uYW1lIjoiIiwibWFsbF90YWciOiJwal80LjAiLCJleHRfaWRfMSI6IiIsIm1hcHBfaWQiOjEwOTAwLCJ1aWQiOjY2MTEsImZpcnN0X2xvZ2luX21hbGwiOmZhbHNlLCJtYWxsX2lkIjo5MDA0LCJzdGF0ZSI6IlVTRVIiLCJleHAiOjE3MDk2MzE5MzUsImFwcF9pZCI6InBqXzQuMCIsImlhdCI6MTcwNzAzOTkzNSwiYWNjX2lkIjo3MzIyfQ._4GFZHMCZ5-NejH1GRaXY7St2RzGSU7HA7VGT6FZw-2XZeEQU3xRMVDbV6WMrEAf07q7t5RvhADplPrXdtHyzg'}
[2024-02-04 17:45:34.841857] INFO: interface_case_run: 返回结果:{'code': 0, 'result': 127778}
[2024-02-04 17:45:34.843850] INFO: interface_case_run: 当前模块 断言测试结果
[2024-02-04 17:45:34.845846] INFO: interface_case_run: 全部args参数参数信息 , (126401.0,)
[2024-02-04 17:45:34.847840] INFO: interface_case_run: 全部kwargs参数信息 , {}
[2024-02-04 17:45:34.855868] INFO: interface_case_run: 测试用例执行完毕
[2024-02-04 17:45:34.857865] INFO: interface_case_run: 测试用例开始执行
[2024-02-04 17:45:34.859857] INFO: interface_case_run: 输入参数：地址:https://mall-fat-eqmall2.100bm.cn,url:/api/zoneShoppingCart/generateTOrderId,key:,参数:{
  'spcIds':'[127778]'},期望:126401.0,请求方式：POST,headers:{'Authorization': 'Bearer eyJhbGciOiJIUzUxMiJ9.eyJzdWIiOiI2NjExIiwibWVyX25vIjoicGpfNC4wIiwidXNlcl9uYW1lIjoiIiwibWFsbF90YWciOiJwal80LjAiLCJleHRfaWRfMSI6IiIsIm1hcHBfaWQiOjEwOTAwLCJ1aWQiOjY2MTEsImZpcnN0X2xvZ2luX21hbGwiOmZhbHNlLCJtYWxsX2lkIjo5MDA0LCJzdGF0ZSI6IlVTRVIiLCJleHAiOjE3MDk2MzE5MzUsImFwcF9pZCI6InBqXzQuMCIsImlhdCI6MTcwNzAzOTkzNSwiYWNjX2lkIjo3MzIyfQ._4GFZHMCZ5-NejH1GRaXY7St2RzGSU7HA7VGT6FZw-2XZeEQU3xRMVDbV6WMrEAf07q7t5RvhADplPrXdtHyzg'}
[2024-02-04 17:45:35.215758] INFO: interface_case_run: 测试用例执行完毕
