[2024-02-21 11:44:30.662696] INFO: interface_case_run: 当前模块 生成数据驱动所用数据
[2024-02-21 11:44:30.663691] INFO: interface_case_run: 全部args参数参数信息 , ('加入隐形购物车.xls',)
[2024-02-21 11:44:30.664689] INFO: interface_case_run: 全部kwargs参数信息 , {}
[2024-02-21 11:44:30.664689] INFO: interface_case_run: 当前模块 解析测试用例文件
[2024-02-21 11:44:30.664689] INFO: interface_case_run: 全部args参数参数信息 , ('G:\\python项目\\python_zdhkj\\test_case_data\\加入隐形购物车.xls',)
[2024-02-21 11:44:30.665686] INFO: interface_case_run: 全部kwargs参数信息 , {}
[2024-02-21 11:44:30.675936] INFO: interface_case_run: 当前模块 生成数据驱动所用数据
[2024-02-21 11:44:30.676933] INFO: interface_case_run: 全部args参数参数信息 , ('生成临时订单号.xls',)
[2024-02-21 11:44:30.676933] INFO: interface_case_run: 全部kwargs参数信息 , {}
[2024-02-21 11:44:30.677930] INFO: interface_case_run: 当前模块 解析测试用例文件
[2024-02-21 11:44:30.678928] INFO: interface_case_run: 全部args参数参数信息 , ('G:\\python项目\\python_zdhkj\\test_case_data\\生成临时订单号.xls',)
[2024-02-21 11:44:30.678928] INFO: interface_case_run: 全部kwargs参数信息 , {}
[2024-02-21 11:44:31.374207] INFO: interface_case_run: 测试用例开始执行
[2024-02-21 11:44:31.378195] INFO: interface_case_run: 输入参数：地址:https://mall-fat-eqmall2.100bm.cn,url:/api/zoneShoppingCart/addToCart,key:,参数:{
  'skuId':'1149944',
  'zoneTag': '',
  'zoneId': '0',
  'igrId': 'null',
  'num': '1',
  'buyInstantly': 'true',
  'buyAgain': 'true',
  'activityId': '0'
},期望:126401.0,请求方式：POST,headers:{'Authorization': 'Bearer eyJhbGciOiJIUzUxMiJ9.eyJzdWIiOiI2NjExIiwibWVyX25vIjoicGpfNC4wIiwidXNlcl9uYW1lIjoiIiwibWFsbF90YWciOiJwal80LjAiLCJleHRfaWRfMSI6IiIsIm1hcHBfaWQiOjEwOTAwLCJ1aWQiOjY2MTEsImZpcnN0X2xvZ2luX21hbGwiOmZhbHNlLCJtYWxsX2lkIjo5MDA0LCJzdGF0ZSI6IlVTRVIiLCJleHAiOjE3MTEwNzkwNzEsImFwcF9pZCI6InBqXzQuMCIsImlhdCI6MTcwODQ4NzA3MSwiYWNjX2lkIjo3MzIyfQ.WNF0j7xYZOFp4JAuRu-H8ssHKeFUo9ivPAFc9EpKa3Tm3pbazfY3x6-lXIkGJe2T9qnnXAbSeMGq6pZ6C4ukUA'}
[2024-02-21 11:44:32.159368] INFO: interface_case_run: 返回结果:{'code': 0, 'result': 127828}
[2024-02-21 11:44:32.162362] INFO: interface_case_run: 当前模块 断言测试结果
[2024-02-21 11:44:32.164360] INFO: interface_case_run: 全部args参数参数信息 , (126401.0,)
[2024-02-21 11:44:32.166389] INFO: interface_case_run: 全部kwargs参数信息 , {}
[2024-02-21 11:44:32.174367] INFO: interface_case_run: 测试用例执行完毕
[2024-02-21 11:44:32.176322] INFO: interface_case_run: 测试用例开始执行
[2024-02-21 11:44:32.180312] INFO: interface_case_run: 输入参数：地址:https://mall-fat-eqmall2.100bm.cn,url:/api/zoneShoppingCart/generateTOrderId,key:,参数:{
  'spcIds':[127828]},期望:126401.0,请求方式：POST,headers:{'Content-Type': 'application/json', 'Authorization': 'Bearer eyJhbGciOiJIUzUxMiJ9.eyJzdWIiOiI2NjExIiwibWVyX25vIjoicGpfNC4wIiwidXNlcl9uYW1lIjoiIiwibWFsbF90YWciOiJwal80LjAiLCJleHRfaWRfMSI6IiIsIm1hcHBfaWQiOjEwOTAwLCJ1aWQiOjY2MTEsImZpcnN0X2xvZ2luX21hbGwiOmZhbHNlLCJtYWxsX2lkIjo5MDA0LCJzdGF0ZSI6IlVTRVIiLCJleHAiOjE3MTEwNzkwNzEsImFwcF9pZCI6InBqXzQuMCIsImlhdCI6MTcwODQ4NzA3MSwiYWNjX2lkIjo3MzIyfQ.WNF0j7xYZOFp4JAuRu-H8ssHKeFUo9ivPAFc9EpKa3Tm3pbazfY3x6-lXIkGJe2T9qnnXAbSeMGq6pZ6C4ukUA'}
[2024-02-21 11:44:32.602587] INFO: interface_case_run: 返回结果:a223123e4ef54affb6f2ab89986bec12
[2024-02-21 11:44:32.604581] INFO: interface_case_run: 当前模块 断言测试结果
[2024-02-21 11:44:32.606577] INFO: interface_case_run: 全部args参数参数信息 , (126401.0,)
[2024-02-21 11:44:32.609609] INFO: interface_case_run: 全部kwargs参数信息 , {}
[2024-02-21 11:44:32.615552] INFO: interface_case_run: 测试用例执行完毕
